Unable to capture context for thread 14136 in process 15168, can not generate back trace
Unable to capture context for thread 15472 in process 15168, can not generate back trace
Unable to capture context for thread 15060 in process 15168, can not generate back trace
Exception at PC 0x00007FFB3087D759
Unable to capture context for thread 15060 in process 15168, can not generate back trace
Exception at PC 0x00007FFA9172BB93
Printing stacktrace...

Exception at PC 0x00007FFB3087D759
Exception at PC 0x00007FFB3087D759
Exception at PC 0x00007FFB3087D759
Exception at PC 0x00007FFB3087D759
Exception at PC 0x00007FFB3087D759
Exception at PC 0x00007FFB3087D759
Exception at PC 0x00007FFB3087D759
Exception at PC 0x00007FFB3087D759
Exception at PC 0x00007FFB3087D759
Exception at PC 0x00007FFB3087D759
Exception at PC 0x00007FFB3087D759
Exception at PC 0x00007FFB3087D759
Exception at PC 0x00007FFB3087D759
[0]  [0x00007FFA9172BB93]
[1]  [0x00007FFA9172BB93]
[2]  [0x00007FFA9172B4A1]
[3]  [0x00007FFA9172B3EF]
[4]  [0x00007FFA917119FE]
[5]  [0x00007FFA91710ED1]
[6]  [0x00007FFA91710D76]
[7]  [0x00007FFA916B79F6]
[8]  [0x00007FFA916A7AFB]
[9]  [0x00007FFA917CE90A]
[10]  [0x00007FFA917E9F87]
[11]  [0x00007FFA917EA05F]
[12] (BaseThreadInitThunk+0x14) [0x00007FFB323F7034]
[13] (RtlUserThreadStart+0x21) [0x00007FFB32EFD241]
Done
Exception at PC 0x00007FFB3087D759
Exception at PC 0x00007FFB3087D759
Exception at PC 0x00007FFB3087D759
Exception at PC 0x00007FFB3087D759
