Exception at PC 0x00007FFC350C4FD9
Exception at PC 0x00007FFC350C4FD9
Exception at PC 0x00007FFC350C4FD9
Unable to capture context for thread 11252 in process 13712, can not generate back trace
Unable to capture context for thread 3280 in process 13712, can not generate back trace
Exception at PC 0x00007FFC350C4FD9
Unable to capture context for thread 10632 in process 13712, can not generate back trace
Exception at PC 0x00007FFBAFFFBB93
Printing stacktrace...

Unable to capture context for thread 10632 in process 13712, can not generate back trace
Exception at PC 0x00007FFC350C4FD9
Exception at PC 0x00007FFC350C4FD9
Exception at PC 0x00007FFC350C4FD9
Exception at PC 0x00007FFC350C4FD9
Exception at PC 0x00007FFC350C4FD9
Exception at PC 0x00007FFC350C4FD9
Exception at PC 0x00007FFC350C4FD9
Exception at PC 0x00007FFC350C4FD9
Exception at PC 0x00007FFC350C4FD9
Exception at PC 0x00007FFC350C4FD9
Exception at PC 0x00007FFC350C4FD9
Exception at PC 0x00007FFC350C4FD9
Exception at PC 0x00007FFC350C4FD9
Exception at PC 0x00007FFC350C4FD9
[0]  [0x00007FFBAFFFBB93]
[1]  [0x00007FFBAFFFBB93]
[2]  [0x00007FFBAFFFB4A1]
[3]  [0x00007FFBAFFFB3EF]
[4]  [0x00007FFBAFFE19FE]
[5]  [0x00007FFBAFFE0ED1]
[6]  [0x00007FFBAFFE0D76]
[7]  [0x00007FFBAFF879F6]
[8]  [0x00007FFBAFF77AFB]
[9]  [0x00007FFBB009E90A]
[10]  [0x00007FFBB00B9F87]
[11]  [0x00007FFBB00BA05F]
[12] (BaseThreadInitThunk+0x14) [0x00007FFC35C57034]
[13] (RtlUserThreadStart+0x21) [0x00007FFC374A2651]
Done
