Copyright 1986-2016 Xilinx, Inc. All Rights Reserved.
----------------------------------------------------------------------------------------------------------------------------------
| Tool Version     : Vivado v.2016.2 (win64) Build 1577090 Thu Jun  2 16:32:40 MDT 2016
| Date             : Tue Oct 18 16:28:45 2022
| Host             : Kage running 64-bit major release  (build 9200)
| Command          : report_power -file SRAM_power_routed.rpt -pb SRAM_power_summary_routed.pb -rpx SRAM_power_routed.rpx
| Design           : SRAM
| Device           : xc7a100tcsg324-1
| Design State     : routed
| Grade            : commercial
| Process          : typical
| Characterization : Production
----------------------------------------------------------------------------------------------------------------------------------

Power Report

Table of Contents
-----------------
1. Summary
1.1 On-Chip Components
1.2 Power Supply Summary
1.3 Confidence Level
2. Settings
2.1 Environment
2.2 Clock Constraints
3. Detailed Reports
3.1 By Hierarchy

1. Summary
----------

+--------------------------+-------+
| Total On-Chip Power (W)  | 0.113 |
| Dynamic (W)              | 0.009 |
| Device Static (W)        | 0.104 |
| Effective TJA (C/W)      | 4.6   |
| Max Ambient (C)          | 84.5  |
| Junction Temperature (C) | 25.5  |
| Confidence Level         | Low   |
| Setting File             | ---   |
| Simulation Activity File | ---   |
| Design Nets Matched      | NA    |
+--------------------------+-------+


1.1 On-Chip Components
----------------------

+----------------+-----------+----------+-----------+-----------------+
| On-Chip        | Power (W) | Used     | Available | Utilization (%) |
+----------------+-----------+----------+-----------+-----------------+
| Clocks         |     0.001 |        3 |       --- |             --- |
| Slice Logic    |    <0.001 |      532 |       --- |             --- |
|   LUT as Logic |    <0.001 |      169 |     63400 |            0.27 |
|   CARRY4       |    <0.001 |       11 |     15850 |            0.07 |
|   F7/F8 Muxes  |    <0.001 |       32 |     63400 |            0.05 |
|   Register     |    <0.001 |      292 |    126800 |            0.23 |
|   Others       |     0.000 |        3 |       --- |             --- |
| Signals        |     0.001 |      462 |       --- |             --- |
| I/O            |     0.006 |       40 |       210 |           19.05 |
| Static Power   |     0.104 |          |           |                 |
| Total          |     0.113 |          |           |                 |
+----------------+-----------+----------+-----------+-----------------+


1.2 Power Supply Summary
------------------------

+-----------+-------------+-----------+-------------+------------+
| Source    | Voltage (V) | Total (A) | Dynamic (A) | Static (A) |
+-----------+-------------+-----------+-------------+------------+
| Vccint    |       1.000 |     0.018 |       0.003 |      0.015 |
| Vccaux    |       1.800 |     0.018 |       0.000 |      0.018 |
| Vcco33    |       3.300 |     0.006 |       0.002 |      0.004 |
| Vcco25    |       2.500 |     0.000 |       0.000 |      0.000 |
| Vcco18    |       1.800 |     0.004 |       0.000 |      0.004 |
| Vcco15    |       1.500 |     0.000 |       0.000 |      0.000 |
| Vcco135   |       1.350 |     0.000 |       0.000 |      0.000 |
| Vcco12    |       1.200 |     0.000 |       0.000 |      0.000 |
| Vccaux_io |       1.800 |     0.000 |       0.000 |      0.000 |
| Vccbram   |       1.000 |     0.000 |       0.000 |      0.000 |
| MGTAVcc   |       1.000 |     0.000 |       0.000 |      0.000 |
| MGTAVtt   |       1.200 |     0.000 |       0.000 |      0.000 |
| Vccadc    |       1.800 |     0.020 |       0.000 |      0.020 |
+-----------+-------------+-----------+-------------+------------+


1.3 Confidence Level
--------------------

+-----------------------------+------------+--------------------------------------------------------+------------------------------------------------------------------------------------------------------------+
| User Input Data             | Confidence | Details                                                | Action                                                                                                     |
+-----------------------------+------------+--------------------------------------------------------+------------------------------------------------------------------------------------------------------------+
| Design implementation state | High       | Design is routed                                       |                                                                                                            |
| Clock nodes activity        | High       | User specified more than 95% of clocks                 |                                                                                                            |
| I/O nodes activity          | Low        | More than 75% of inputs are missing user specification | Provide missing input activity with simulation results or by editing the "By Resource Type -> I/Os" view   |
| Internal nodes activity     | Medium     | User specified less than 25% of internal nodes         | Provide missing internal nodes activity with simulation results or by editing the "By Resource Type" views |
| Device models               | High       | Device models are Production                           |                                                                                                            |
|                             |            |                                                        |                                                                                                            |
| Overall confidence level    | Low        |                                                        |                                                                                                            |
+-----------------------------+------------+--------------------------------------------------------+------------------------------------------------------------------------------------------------------------+


2. Settings
-----------

2.1 Environment
---------------

+-----------------------+--------------------------+
| Ambient Temp (C)      | 25.0                     |
| ThetaJA (C/W)         | 4.6                      |
| Airflow (LFM)         | 250                      |
| Heat Sink             | medium (Medium Profile)  |
| ThetaSA (C/W)         | 4.6                      |
| Board Selection       | medium (10"x10")         |
| # of Board Layers     | 12to15 (12 to 15 Layers) |
| Board Temperature (C) | 25.0                     |
+-----------------------+--------------------------+


2.2 Clock Constraints
---------------------

+-------------+--------+-----------------+
| Clock       | Domain | Constraint (ns) |
+-------------+--------+-----------------+
| sys_clk_pin | clk    |            10.0 |
+-------------+--------+-----------------+


3. Detailed Reports
-------------------

3.1 By Hierarchy
----------------

+---------+-----------+
| Name    | Power (W) |
+---------+-----------+
| SRAM    |     0.009 |
|   d0    |    <0.001 |
|   d1    |    <0.001 |
|   d10   |    <0.001 |
|   d11   |    <0.001 |
|   d12   |    <0.001 |
|   d13   |    <0.001 |
|   d14   |    <0.001 |
|   d15   |    <0.001 |
|   d16   |    <0.001 |
|   d17   |    <0.001 |
|   d18   |    <0.001 |
|   d19   |    <0.001 |
|   d2    |    <0.001 |
|   d20   |    <0.001 |
|   d21   |    <0.001 |
|   d22   |    <0.001 |
|   d23   |    <0.001 |
|   d24   |    <0.001 |
|   d25   |    <0.001 |
|   d26   |    <0.001 |
|   d27   |    <0.001 |
|   d28   |    <0.001 |
|   d29   |    <0.001 |
|   d3    |    <0.001 |
|   d30   |    <0.001 |
|   d31   |    <0.001 |
|   d4    |    <0.001 |
|   d5    |    <0.001 |
|   d6    |    <0.001 |
|   d7    |    <0.001 |
|   d8    |    <0.001 |
|   d9    |    <0.001 |
|   lcd   |    <0.001 |
|     BCD |     0.000 |
+---------+-----------+


