Unable to capture context for thread 16928 in process 7728, can not generate back trace
Unable to capture context for thread 1588 in process 7728, can not generate back trace
Unable to capture context for thread 13260 in process 7728, can not generate back trace
Exception at PC 0x00007FFE45D8BB93
Printing stacktrace...

Unable to capture context for thread 13260 in process 7728, can not generate back trace
Exception at PC 0x00007FFEBC9A4F69
Exception at PC 0x00007FFEBC9A4F69
Exception at PC 0x00007FFEBC9A4F69
Exception at PC 0x00007FFEBC9A4F69
Exception at PC 0x00007FFEBC9A4F69
Exception at PC 0x00007FFEBC9A4F69
Exception at PC 0x00007FFEBC9A4F69
Exception at PC 0x00007FFEBC9A4F69
Exception at PC 0x00007FFEBC9A4F69
Exception at PC 0x00007FFEBC9A4F69
Exception at PC 0x00007FFEBC9A4F69
Exception at PC 0x00007FFEBC9A4F69
Exception at PC 0x00007FFEBC9A4F69
Exception at PC 0x00007FFEBC9A4F69
Exception at PC 0x00007FFEBC9A4F69
Exception at PC 0x00007FFEBC9A4F69
Exception at PC 0x00007FFEBC9A4F69
Exception at PC 0x00007FFEBC9A4F69
[0]  [0x00007FFE45D8BB93]
[1]  [0x00007FFE45D8BB93]
[2]  [0x00007FFE45D8B4A1]
[3]  [0x00007FFE45D8B3EF]
[4]  [0x00007FFE45D719FE]
[5]  [0x00007FFE45D70ED1]
[6]  [0x00007FFE45D70D76]
[7]  [0x00007FFE45D179F6]
[8]  [0x00007FFE45D07AFB]
[9]  [0x00007FFE45E2E90A]
[10]  [0x00007FFE45E49F87]
[11]  [0x00007FFE45E4A05F]
[12] (BaseThreadInitThunk+0x14) [0x00007FFEBD027034]
[13] (RtlUserThreadStart+0x21) [0x00007FFEBF022651]
Done
