#-----------------------------------------------------------
# Vivado v2016.2 (64-bit)
# SW Build 1577090 on Thu Jun  2 16:32:40 MDT 2016
# IP Build 1577682 on Fri Jun  3 12:00:54 MDT 2016
# Start of session at: Mon Mar 20 18:30:53 2023
# Process ID: 10792
# Current directory: C:/Users/marwi/Desktop/Code/301/mini_labs/mini_lab2
# Command line: vivado.exe -gui_launcher_event rodinguilauncherevent3608 C:\Users\marwi\Desktop\Code\301\mini_labs\mini_lab2\mini_lab2.xpr
# Log file: C:/Users/marwi/Desktop/Code/301/mini_labs/mini_lab2/vivado.log
# Journal file: C:/Users/marwi/Desktop/Code/301/mini_labs/mini_lab2\vivado.jou
#-----------------------------------------------------------
start_gui
open_project C:/Users/marwi/Desktop/Code/301/mini_labs/mini_lab2/mini_lab2.xpr
INFO: [Project 1-313] Project file moved from 'C:/Users/marwi/Desktop/Code/301_lab/mini_labs/mini_lab2' since last save.
Scanning sources...
Finished scanning sources
INFO: [IP_Flow 19-234] Refreshing IP repositories
INFO: [IP_Flow 19-1704] No user IP repositories specified
INFO: [IP_Flow 19-2313] Loaded Vivado IP repository 'C:/Xilinx/Vivado/2016.2/data/ip'.
update_compile_order -fileset sources_1
exit
INFO: [Common 17-206] Exiting Vivado at Mon Mar 20 18:31:12 2023...
