Exception at PC 0x00007FFD9BA94F69
Unable to capture context for thread 9748 in process 2688, can not generate back trace
Unable to capture context for thread 15364 in process 2688, can not generate back trace
Unable to capture context for thread 12556 in process 2688, can not generate back trace
Exception at PC 0x00007FFD0FFCBB93
Printing stacktrace...

Unable to capture context for thread 12556 in process 2688, can not generate back trace
Exception at PC 0x00007FFD9BA94F69
Exception at PC 0x00007FFD9BA94F69
Exception at PC 0x00007FFD9BA94F69
Exception at PC 0x00007FFD9BA94F69
Exception at PC 0x00007FFD9BA94F69
Exception at PC 0x00007FFD9BA94F69
Exception at PC 0x00007FFD9BA94F69
Exception at PC 0x00007FFD9BA94F69
Exception at PC 0x00007FFD9BA94F69
Exception at PC 0x00007FFD9BA94F69
Exception at PC 0x00007FFD9BA94F69
[0]  [0x00007FFD0FFCBB93]
[1]  [0x00007FFD0FFCBB93]
[2]  [0x00007FFD0FFCB4A1]
[3]  [0x00007FFD0FFCB3EF]
[4]  [0x00007FFD0FFB19FE]
[5]  [0x00007FFD0FFB0ED1]
[6]  [0x00007FFD0FFB0D76]
[7]  [0x00007FFD0FF579F6]
[8]  [0x00007FFD0FF47AFB]
[9]  [0x00007FFD1006E90A]
[10]  [0x00007FFD10089F87]
[11]  [0x00007FFD1008A05F]
[12] (BaseThreadInitThunk+0x14) [0x00007FFD9DD97034]
[13] (RtlUserThreadStart+0x21) [0x00007FFD9E3A2651]
Done
Exception at PC 0x00007FFD9BA94F69
Exception at PC 0x00007FFD9BA94F69
Exception at PC 0x00007FFD9BA94F69
Exception at PC 0x00007FFD9BA94F69
Exception at PC 0x00007FFD9BA94F69
Exception at PC 0x00007FFD9BA94F69
