Unable to capture context for thread 11596 in process 8420, can not generate back trace
Unable to capture context for thread 7292 in process 8420, can not generate back trace
Exception at PC 0x00007FFF8B2CCD29
Exception at PC 0x00007FFF8B2CCD29
Exception at PC 0x00007FFF8B2CCD29
Unable to capture context for thread 4364 in process 8420, can not generate back trace
Unable to capture context for thread 7680 in process 8420, can not generate back trace
Exception at PC 0x00007FFF8B2CCD29
Unable to capture context for thread 4364 in process 8420, can not generate back trace
Unable to capture context for thread 10892 in process 8420, can not generate back trace
Exception at PC 0x00007FFF3542BB93
Printing stacktrace...

Exception at PC 0x00007FFF8B2CCD29
Exception at PC 0x00007FFF8B2CCD29
Exception at PC 0x00007FFF8B2CCD29
Exception at PC 0x00007FFF8B2CCD29
Exception at PC 0x00007FFF8B2CCD29
Exception at PC 0x00007FFF8B2CCD29
Exception at PC 0x00007FFF8B2CCD29
Exception at PC 0x00007FFF8B2CCD29
Exception at PC 0x00007FFF8B2CCD29
Exception at PC 0x00007FFF8B2CCD29
Exception at PC 0x00007FFF8B2CCD29
Exception at PC 0x00007FFF8B2CCD29
Exception at PC 0x00007FFF8B2CCD29
Exception at PC 0x00007FFF8B2CCD29
[0]  [0x00007FFF3542BB93]
[1]  [0x00007FFF3542BB93]
[2]  [0x00007FFF3542B4A1]
[3]  [0x00007FFF3542B3EF]
[4]  [0x00007FFF354119FE]
[5]  [0x00007FFF35410ED1]
[6]  [0x00007FFF35410D76]
[7]  [0x00007FFF353B79F6]
[8]  [0x00007FFF353A7AFB]
[9]  [0x00007FFF354CE90A]
[10]  [0x00007FFF354E9F87]
[11]  [0x00007FFF354EA05F]
[12] (BaseThreadInitThunk+0x14) [0x00007FFF8C0D74B4]
[13] (RtlUserThreadStart+0x21) [0x00007FFF8D7426A1]
Done
