#-----------------------------------------------------------
# Vivado v2016.2 (64-bit)
# SW Build 1577090 on Thu Jun  2 16:32:40 MDT 2016
# IP Build 1577682 on Fri Jun  3 12:00:54 MDT 2016
# Start of session at: Mon Mar 20 18:30:17 2023
# Process ID: 12736
# Current directory: C:/Users/marwi/Desktop/Code/301/mini_labs/mini_lab1
# Command line: vivado.exe -gui_launcher_event rodinguilauncherevent12596 C:\Users\marwi\Desktop\Code\301\mini_labs\mini_lab1\mini_lab1.xpr
# Log file: C:/Users/marwi/Desktop/Code/301/mini_labs/mini_lab1/vivado.log
# Journal file: C:/Users/marwi/Desktop/Code/301/mini_labs/mini_lab1\vivado.jou
#-----------------------------------------------------------
start_gui
open_project C:/Users/marwi/Desktop/Code/301/mini_labs/mini_lab1/mini_lab1.xpr
INFO: [Project 1-313] Project file moved from 'D:/code/CECS301/labs/mini_lab1' since last save.
Scanning sources...
Finished scanning sources
INFO: [IP_Flow 19-234] Refreshing IP repositories
INFO: [IP_Flow 19-1704] No user IP repositories specified
INFO: [IP_Flow 19-2313] Loaded Vivado IP repository 'C:/Xilinx/Vivado/2016.2/data/ip'.
open_project: Time (s): cpu = 00:00:11 ; elapsed = 00:00:06 . Memory (MB): peak = 755.004 ; gain = 98.559
update_compile_order -fileset sources_1
exit
INFO: [Common 17-206] Exiting Vivado at Mon Mar 20 18:30:49 2023...
