C51 COMPILER V9.60.0.0   MAIN                                                              12/02/2021 22:06:21 PAGE 1   


C51 COMPILER V9.60.0.0, COMPILATION OF MODULE MAIN
OBJECT MODULE PLACED IN .\Objects\main.obj
COMPILER INVOKED BY: C:\Keil_v5\C51\BIN\C51.EXE main.c OPTIMIZE(8,SPEED) BROWSE INCDIR(C:\Keil_v5\C51\INC\SiLABS\shared\
                    -si8051Base) DEBUG OBJECTEXTEND PRINT(.\Listings\main.lst) TABS(2) OBJECT(.\Objects\main.obj)

line level    source

   1          //main.c
   2          
   3          #include <SI_EFM8BB1_Register_Enums.h>
   4          
   5          void InitDevice(void)
   6          {
   7   1      //Disable Watchdog Timer
   8   1      //Disable Watchdog with key sequence
   9   1      WDTCN = 0xDE; //First key
  10   1      WDTCN = 0xAD; //Second key
  11   1      // [WDTCN – Watchdog Timer Control]$
  12   1      
  13   1      //Setup Defaults for P1
  14   1      P1MDOUT = P1MDOUT_B0__OPEN_DRAIN | P1MDOUT_B1__OPEN_DRAIN
  15   1      | P1MDOUT_B2__OPEN_DRAIN | P1MDOUT_B3__OPEN_DRAIN
  16   1      | P1MDOUT_B4__PUSH_PULL | P1MDOUT_B5__OPEN_DRAIN
  17   1      | P1MDOUT_B6__OPEN_DRAIN | P1MDOUT_B7__OPEN_DRAIN;
  18   1      
  19   1      //Enable Weak Pullups
  20   1      XBR2 = XBR2_WEAKPUD__PULL_UPS_ENABLED | XBR2_XBARE__ENABLED;
  21   1      
  22   1      //Disable Interrupts
  23   1      IE = IE_EA__DISABLED | IE_EX0__DISABLED | IE_EX1__DISABLED
  24   1      | IE_ESPI0__DISABLED | IE_ET0__DISABLED | IE_ET1__DISABLED
  25   1      | IE_ET2__ENABLED | IE_ES0__DISABLED;
  26   1      
  27   1      }
  28          
  29          // declare variables
  30          unsigned char x,y; 
  31          
  32          void LCDCommandWrite(unsigned char Data){
  33   1        P1 = P1&~(0x01<<2);     // RS = 0
  34   1        P1 = P1&~(0x01<<1);     // RW = 0
  35   1        P0 = Data;              // D0~D7 = Data
  36   1        P1 = P1|(0x01<<0);      // E = 1
  37   1        
  38   1        // delay
  39   1        for(x=0;x<0x02;x++){
  40   2          for(y=0;y<0xFF;y++){  
  41   3          };
  42   2        };
  43   1        
  44   1        P1 = P1&~(0x01<<0);     // E = 0
  45   1      }
  46          
  47          void LCDDataWrite(unsigned char Data){
  48   1        P1 = P1|(0x01<<2);      // RS = 1
  49   1        P1 = P1&~(0x01<<1);     // RW = 0
  50   1        P0 = Data;              // D0~D7 = Data
  51   1        P1 = P1|(0x01<<0);      // E = 1
  52   1        
  53   1        // delay
  54   1        for(x=0;x<0x02;x++){
C51 COMPILER V9.60.0.0   MAIN                                                              12/02/2021 22:06:21 PAGE 2   

  55   2          for(y=0;y<0xFF;y++){
  56   3          };
  57   2        };
  58   1        
  59   1        P1 = P1&~(0x01<<0);     // E = 0
  60   1      }
  61          
  62          main(void){
  63   1        InitDevice();
  64   1        
  65   1        // initialize LCD
  66   1        LCDCommandWrite(0x38);  // 8bit interface, 2 lines, 5x7 font
  67   1        LCDCommandWrite(0x06);  // auto incrememnt, no display shift
  68   1        LCDCommandWrite(0x0E);  // diplay on, cursor on, no blinking
  69   1        LCDCommandWrite(0x01);  // clear display, set cursor to 0
  70   1        
  71   1        // write name
  72   1        LCDDataWrite('M');
  73   1        LCDDataWrite('a');
  74   1        LCDDataWrite('r');
  75   1        LCDDataWrite('w');
  76   1        LCDDataWrite('i');
  77   1        LCDDataWrite('n');
  78   1        
  79   1        while(1);
  80   1      }


MODULE INFORMATION:   STATIC OVERLAYABLE
   CODE SIZE        =    173    ----
   CONSTANT SIZE    =   ----    ----
   XDATA SIZE       =   ----    ----
   PDATA SIZE       =   ----    ----
   DATA SIZE        =      2    ----
   IDATA SIZE       =   ----    ----
   BIT SIZE         =   ----    ----
END OF MODULE INFORMATION.


C51 COMPILATION COMPLETE.  0 WARNING(S),  0 ERROR(S)
