Unable to capture context for thread 7408 in process 10612, can not generate back trace
Unable to capture context for thread 6272 in process 10612, can not generate back trace
Unable to capture context for thread 1752 in process 10612, can not generate back trace
Exception at PC 0x00007FF9043BD759
Unable to capture context for thread 11872 in process 10612, can not generate back trace
Exception at PC 0x00007FF85FF8BB93
Printing stacktrace...

Unable to capture context for thread 11872 in process 10612, can not generate back trace
Exception at PC 0x00007FF9043BD759
Exception at PC 0x00007FF9043BD759
Exception at PC 0x00007FF9043BD759
Exception at PC 0x00007FF9043BD759
Exception at PC 0x00007FF9043BD759
Exception at PC 0x00007FF9043BD759
Exception at PC 0x00007FF9043BD759
Exception at PC 0x00007FF9043BD759
Exception at PC 0x00007FF9043BD759
Exception at PC 0x00007FF9043BD759
Exception at PC 0x00007FF9043BD759
Exception at PC 0x00007FF9043BD759
Exception at PC 0x00007FF9043BD759
Exception at PC 0x00007FF9043BD759
Exception at PC 0x00007FF9043BD759
Exception at PC 0x00007FF9043BD759
[0]  [0x00007FF85FF8BB93]
[1]  [0x00007FF85FF8BB93]
[2]  [0x00007FF85FF8B4A1]
[3]  [0x00007FF85FF8B3EF]
[4]  [0x00007FF85FF719FE]
[5]  [0x00007FF85FF70ED1]
[6]  [0x00007FF85FF70D76]
[7]  [0x00007FF85FF179F6]
[8]  [0x00007FF85FF07AFB]
[9]  [0x00007FF86002E90A]
[10]  [0x00007FF860049F87]
[11]  [0x00007FF86004A05F]
[12] (BaseThreadInitThunk+0x14) [0x00007FF9052E7034]
[13] (RtlUserThreadStart+0x21) [0x00007FF906BBD0D1]
Done
Exception at PC 0x00007FF9043BD759
