Unable to capture context for thread 13176 in process 7616, can not generate back trace
Unable to capture context for thread 13216 in process 7616, can not generate back trace
Exception at PC 0x00007FF9304C4FD9
Unable to capture context for thread 11812 in process 7616, can not generate back trace
Exception at PC 0x00007FF8B67BBB93
Printing stacktrace...

Exception at PC 0x00007FF9304C4FD9
Exception at PC 0x00007FF9304C4FD9
Exception at PC 0x00007FF9304C4FD9
Exception at PC 0x00007FF9304C4FD9
Exception at PC 0x00007FF9304C4FD9
Exception at PC 0x00007FF9304C4FD9
Exception at PC 0x00007FF9304C4FD9
Exception at PC 0x00007FF9304C4FD9
Exception at PC 0x00007FF9304C4FD9
Exception at PC 0x00007FF9304C4FD9
Exception at PC 0x00007FF9304C4FD9
Exception at PC 0x00007FF9304C4FD9
Exception at PC 0x00007FF9304C4FD9
Exception at PC 0x00007FF9304C4FD9
Exception at PC 0x00007FF9304C4FD9
Exception at PC 0x00007FF9304C4FD9
Exception at PC 0x00007FF9304C4FD9
[0]  [0x00007FF8B67BBB93]
[1]  [0x00007FF8B67BBB93]
[2]  [0x00007FF8B67BB4A1]
[3]  [0x00007FF8B67BB3EF]
[4]  [0x00007FF8B67A19FE]
[5]  [0x00007FF8B67A0ED1]
[6]  [0x00007FF8B67A0D76]
[7]  [0x00007FF8B67479F6]
[8]  [0x00007FF8B6737AFB]
[9]  [0x00007FF8B685E90A]
[10]  [0x00007FF8B6879F87]
[11]  [0x00007FF8B687A05F]
[12] (BaseThreadInitThunk+0x14) [0x00007FF9317B7034]
[13] (RtlUserThreadStart+0x21) [0x00007FF932C626A1]
Done
