C51 COMPILER V9.60.0.0   MAIN                                                              09/09/2021 17:29:39 PAGE 1   


C51 COMPILER V9.60.0.0, COMPILATION OF MODULE MAIN
OBJECT MODULE PLACED IN .\Objects\main.obj
COMPILER INVOKED BY: C:\Keil_v5\C51\BIN\C51.EXE main.c OPTIMIZE(8,SPEED) BROWSE DEBUG OBJECTEXTEND PRINT(.\Listings\main
                    -.lst) TABS(2) OBJECT(.\Objects\main.obj)

line level    source

   1          #include <reg51.h>
   2          
   3          //main provides the entry point to our code
   4          void main(void){
   5   1        
   6   1        //variable declarations at beginning of functions
   7   1        unsigned char x;
   8   1        
   9   1        //Superloop Architecture/Structure of Embedded Programming
  10   1        while (1){
  11   2          
  12   2          P1=0xF5; //output to Port 1 the value of 0xF5
  13   2          
  14   2          //Busy Wait Delay 
  15   2          for(x=0;x<0xFE;x=x+1){
  16   3          };
  17   2          
  18   2          P1=0x0A; //output to Port 1 the value of 0x0A
  19   2          
  20   2          //Busy Wait Delay 
  21   2          for(x=0;x<0xFE;x=x+1){
  22   3          };
  23   2          
  24   2        }
  25   1        
  26   1      }


MODULE INFORMATION:   STATIC OVERLAYABLE
   CODE SIZE        =     36    ----
   CONSTANT SIZE    =   ----    ----
   XDATA SIZE       =   ----    ----
   PDATA SIZE       =   ----    ----
   DATA SIZE        =   ----    ----
   IDATA SIZE       =   ----    ----
   BIT SIZE         =   ----    ----
END OF MODULE INFORMATION.


C51 COMPILATION COMPLETE.  0 WARNING(S),  0 ERROR(S)
