Exception at PC 0x00007FFE9E9E4F69
Exception at PC 0x00007FFE9E9E4F69
Exception at PC 0x00007FFE9E9E4F69
Unable to capture context for thread 4728 in process 9140, can not generate back trace
Unable to capture context for thread 15140 in process 9140, can not generate back trace
Unable to capture context for thread 11012 in process 9140, can not generate back trace
Exception at PC 0x00007FFE9E9E4F69
Unable to capture context for thread 11012 in process 9140, can not generate back trace
Exception at PC 0x00007FFE25D9BB93
Printing stacktrace...

Exception at PC 0x00007FFE9E9E4F69
Exception at PC 0x00007FFE9E9E4F69
Exception at PC 0x00007FFE9E9E4F69
Exception at PC 0x00007FFE9E9E4F69
Exception at PC 0x00007FFE9E9E4F69
Exception at PC 0x00007FFE9E9E4F69
Exception at PC 0x00007FFE9E9E4F69
Exception at PC 0x00007FFE9E9E4F69
Exception at PC 0x00007FFE9E9E4F69
Exception at PC 0x00007FFE9E9E4F69
Exception at PC 0x00007FFE9E9E4F69
Exception at PC 0x00007FFE9E9E4F69
Exception at PC 0x00007FFE9E9E4F69
Exception at PC 0x00007FFE9E9E4F69
[0]  [0x00007FFE25D9BB93]
[1]  [0x00007FFE25D9BB93]
[2]  [0x00007FFE25D9B4A1]
[3]  [0x00007FFE25D9B3EF]
[4]  [0x00007FFE25D819FE]
[5]  [0x00007FFE25D80ED1]
[6]  [0x00007FFE25D80D76]
[7]  [0x00007FFE25D279F6]
[8]  [0x00007FFE25D17AFB]
[9]  [0x00007FFE25E3E90A]
[10]  [0x00007FFE25E59F87]
[11]  [0x00007FFE25E5A05F]
[12] (BaseThreadInitThunk+0x14) [0x00007FFEA03E7034]
[13] (RtlUserThreadStart+0x21) [0x00007FFEA0F42651]
Done
