Exception at PC 0x00007FFF80214F69
Exception at PC 0x00007FFF80214F69
Exception at PC 0x00007FFF80214F69
Unable to capture context for thread 10324 in process 5932, can not generate back trace
Unable to capture context for thread 12652 in process 5932, can not generate back trace
Exception at PC 0x00007FFF80214F69
Unable to capture context for thread 1328 in process 5932, can not generate back trace
Exception at PC 0x00007FFF025DBB93
Printing stacktrace...

Unable to capture context for thread 1328 in process 5932, can not generate back trace
Exception at PC 0x00007FFF80214F69
Exception at PC 0x00007FFF80214F69
Exception at PC 0x00007FFF80214F69
Exception at PC 0x00007FFF80214F69
Exception at PC 0x00007FFF80214F69
Exception at PC 0x00007FFF80214F69
Exception at PC 0x00007FFF80214F69
Exception at PC 0x00007FFF80214F69
Exception at PC 0x00007FFF80214F69
Exception at PC 0x00007FFF80214F69
Exception at PC 0x00007FFF80214F69
Exception at PC 0x00007FFF80214F69
Exception at PC 0x00007FFF80214F69
Exception at PC 0x00007FFF80214F69
[0]  [0x00007FFF025DBB93]
[1]  [0x00007FFF025DBB93]
[2]  [0x00007FFF025DB4A1]
[3]  [0x00007FFF025DB3EF]
[4]  [0x00007FFF025C19FE]
[5]  [0x00007FFF025C0ED1]
[6]  [0x00007FFF025C0D76]
[7]  [0x00007FFF025679F6]
[8]  [0x00007FFF02557AFB]
[9]  [0x00007FFF0267E90A]
[10]  [0x00007FFF02699F87]
[11]  [0x00007FFF0269A05F]
[12] (BaseThreadInitThunk+0x14) [0x00007FFF80977034]
[13] (RtlUserThreadStart+0x21) [0x00007FFF82622651]
Done
