Unable to capture context for thread 8760 in process 1380, can not generate back trace
Unable to capture context for thread 508 in process 1380, can not generate back trace
Exception at PC 0x00007FFABF12CD29
Exception at PC 0x00007FFABF12CD29
Exception at PC 0x00007FFABF12CD29
Unable to capture context for thread 12116 in process 1380, can not generate back trace
Unable to capture context for thread 12904 in process 1380, can not generate back trace
Exception at PC 0x00007FFABF12CD29
Unable to capture context for thread 12116 in process 1380, can not generate back trace
Unable to capture context for thread 1872 in process 1380, can not generate back trace
Exception at PC 0x00007FFA48CFBB93
Printing stacktrace...

Unable to capture context for thread 1872 in process 1380, can not generate back trace
Exception at PC 0x00007FFABF12CD29
Exception at PC 0x00007FFABF12CD29
Exception at PC 0x00007FFABF12CD29
Exception at PC 0x00007FFABF12CD29
Exception at PC 0x00007FFABF12CD29
Exception at PC 0x00007FFABF12CD29
Exception at PC 0x00007FFABF12CD29
Exception at PC 0x00007FFABF12CD29
Exception at PC 0x00007FFABF12CD29
Exception at PC 0x00007FFABF12CD29
Exception at PC 0x00007FFABF12CD29
Exception at PC 0x00007FFABF12CD29
Exception at PC 0x00007FFABF12CD29
Exception at PC 0x00007FFABF12CD29
[0]  [0x00007FFA48CFBB93]
[1]  [0x00007FFA48CFBB93]
[2]  [0x00007FFA48CFB4A1]
[3]  [0x00007FFA48CFB3EF]
[4]  [0x00007FFA48CE19FE]
[5]  [0x00007FFA48CE0ED1]
[6]  [0x00007FFA48CE0D76]
[7]  [0x00007FFA48C879F6]
[8]  [0x00007FFA48C77AFB]
[9]  [0x00007FFA48D9E90A]
[10]  [0x00007FFA48DB9F87]
[11]  [0x00007FFA48DBA05F]
[12] (BaseThreadInitThunk+0x14) [0x00007FFAC09674B4]
[13] (RtlUserThreadStart+0x21) [0x00007FFAC13E26A1]
Done
