Unable to capture context for thread 1916 in process 10896, can not generate back trace
Exception at PC 0x00007FFE9E9E4F69
Exception at PC 0x00007FFE9E9E4F69
Exception at PC 0x00007FFE9E9E4F69
Exception at PC 0x00007FFE9E9E4F69
Unable to capture context for thread 9876 in process 10896, can not generate back trace
Unable to capture context for thread 6132 in process 10896, can not generate back trace
Exception at PC 0x00007FFE9E9E4F69
Unable to capture context for thread 9876 in process 10896, can not generate back trace
Unable to capture context for thread 6132 in process 10896, can not generate back trace
Unable to capture context for thread 13204 in process 10896, can not generate back trace
Exception at PC 0x00007FFE31CEBB93
Printing stacktrace...

Unable to capture context for thread 13204 in process 10896, can not generate back trace
Exception at PC 0x00007FFE9E9E4F69
Exception at PC 0x00007FFE9E9E4F69
Exception at PC 0x00007FFE9E9E4F69
Exception at PC 0x00007FFE9E9E4F69
Exception at PC 0x00007FFE9E9E4F69
Exception at PC 0x00007FFE9E9E4F69
Exception at PC 0x00007FFE9E9E4F69
Exception at PC 0x00007FFE9E9E4F69
Exception at PC 0x00007FFE9E9E4F69
Exception at PC 0x00007FFE9E9E4F69
Exception at PC 0x00007FFE9E9E4F69
Exception at PC 0x00007FFE9E9E4F69
Exception at PC 0x00007FFE9E9E4F69
[0]  [0x00007FFE31CEBB93]
[1]  [0x00007FFE31CEBB93]
[2]  [0x00007FFE31CEB4A1]
[3]  [0x00007FFE31CEB3EF]
[4]  [0x00007FFE31CD19FE]
[5]  [0x00007FFE31CD0ED1]
[6]  [0x00007FFE31CD0D76]
[7]  [0x00007FFE31C779F6]
[8]  [0x00007FFE31C67AFB]
[9]  [0x00007FFE31D8E90A]
[10]  [0x00007FFE31DA9F87]
[11]  [0x00007FFE31DAA05F]
[12] (BaseThreadInitThunk+0x14) [0x00007FFEA03E7034]
[13] (RtlUserThreadStart+0x21) [0x00007FFEA0F42651]
Done
