Unable to capture context for thread 7908 in process 9752, can not generate back trace
Unable to capture context for thread 6164 in process 9752, can not generate back trace
Unable to capture context for thread 19160 in process 9752, can not generate back trace
Unable to capture context for thread 2728 in process 9752, can not generate back trace
Exception at PC 0x00007FFB3087D759
Unable to capture context for thread 1824 in process 9752, can not generate back trace
Exception at PC 0x00007FFA9793BB93
Printing stacktrace...

Exception at PC 0x00007FFB3087D759
Exception at PC 0x00007FFB3087D759
Exception at PC 0x00007FFB3087D759
Exception at PC 0x00007FFB3087D759
Exception at PC 0x00007FFB3087D759
Exception at PC 0x00007FFB3087D759
Exception at PC 0x00007FFB3087D759
Exception at PC 0x00007FFB3087D759
Exception at PC 0x00007FFB3087D759
Exception at PC 0x00007FFB3087D759
Exception at PC 0x00007FFB3087D759
Exception at PC 0x00007FFB3087D759
Exception at PC 0x00007FFB3087D759
[0]  [0x00007FFA9793BB93]
[1]  [0x00007FFA9793BB93]
[2]  [0x00007FFA9793B4A1]
[3]  [0x00007FFA9793B3EF]
[4]  [0x00007FFA979219FE]
[5]  [0x00007FFA97920ED1]
[6]  [0x00007FFA97920D76]
[7]  [0x00007FFA978C79F6]
[8]  [0x00007FFA978B7AFB]
[9]  [0x00007FFA979DE90A]
[10]  [0x00007FFA979F9F87]
[11]  [0x00007FFA979FA05F]
[12] (BaseThreadInitThunk+0x14) [0x00007FFB323F7034]
[13] (RtlUserThreadStart+0x21) [0x00007FFB32EFD241]
Done
Exception at PC 0x00007FFB3087D759
Exception at PC 0x00007FFB3087D759
Exception at PC 0x00007FFB3087D759
Exception at PC 0x00007FFB3087D759
