Unable to capture context for thread 15164 in process 2084, can not generate back trace
Exception at PC 0x00007FFDBC58BB93
Printing stacktrace...

Exception at PC 0x00007FFE3BA54F69
Exception at PC 0x00007FFE3BA54F69
Exception at PC 0x00007FFE3BA54F69
Exception at PC 0x00007FFE3BA54F69
Exception at PC 0x00007FFE3BA54F69
Exception at PC 0x00007FFE3BA54F69
Exception at PC 0x00007FFE3BA54F69
Exception at PC 0x00007FFE3BA54F69
Exception at PC 0x00007FFE3BA54F69
[0]  [0x00007FFDBC58BB93]
[1]  [0x00007FFDBC58BB93]
[2]  [0x00007FFDBC58B4A1]
[3]  [0x00007FFDBC58B3EF]
[4]  [0x00007FFDBC5719FE]
[5]  [0x00007FFDBC570ED1]
[6]  [0x00007FFDBC570D76]
[7]  [0x00007FFDBC5179F6]
[8]  [0x00007FFDBC507AFB]
[9]  [0x00007FFDBC62E90A]
[10]  [0x00007FFDBC649F87]
[11]  [0x00007FFDBC64A05F]
[12] (BaseThreadInitThunk+0x14) [0x00007FFE3C0A7034]
[13] (RtlUserThreadStart+0x21) [0x00007FFE3E0A2651]
Done
Exception at PC 0x00007FFE3BA54F69
Exception at PC 0x00007FFE3BA54F69
Exception at PC 0x00007FFE3BA54F69
Exception at PC 0x00007FFE3BA54F69
Exception at PC 0x00007FFE3BA54F69
Exception at PC 0x00007FFE3BA54F69
Exception at PC 0x00007FFE3BA54F69
Exception at PC 0x00007FFE3BA54F69
Exception at PC 0x00007FFE3BA54F69
