C51 COMPILER V9.60.0.0   MAIN                                                              09/24/2021 10:43:47 PAGE 1   


C51 COMPILER V9.60.0.0, COMPILATION OF MODULE MAIN
OBJECT MODULE PLACED IN .\Objects\main.obj
COMPILER INVOKED BY: C:\Keil_v5\C51\BIN\C51.EXE main.c OPTIMIZE(8,SPEED) BROWSE INCDIR(C:\Keil_v5\C51\INC\SiLABS\shared\
                    -si8051Base) DEBUG OBJECTEXTEND PRINT(.\Listings\main.lst) TABS(2) OBJECT(.\Objects\main.obj)

line level    source

   1          //main.c
   2          
   3          #include <SI_EFM8BB1_Register_Enums.h>
   4          
   5          void InitDevice(void)
   6          {
   7   1        //Disable Watchdog Timer
   8   1        //Disable Watchdog with key sequence
   9   1        WDTCN = 0xDE; //First key
  10   1        WDTCN = 0xAD; //Second key
  11   1        // [WDTCN – Watchdog Timer Control]$
  12   1      
  13   1        //Setup Defaults for P1
  14   1        P1MDOUT = P1MDOUT_B0__OPEN_DRAIN | P1MDOUT_B1__OPEN_DRAIN
  15   1        | P1MDOUT_B2__OPEN_DRAIN | P1MDOUT_B3__OPEN_DRAIN
  16   1        | P1MDOUT_B4__PUSH_PULL | P1MDOUT_B5__OPEN_DRAIN
  17   1        | P1MDOUT_B6__OPEN_DRAIN | P1MDOUT_B7__OPEN_DRAIN;
  18   1      
  19   1        //Enable Weak Pullups
  20   1        XBR2 = XBR2_WEAKPUD__PULL_UPS_ENABLED | XBR2_XBARE__ENABLED;
  21   1      
  22   1        //Disable Interrupts
  23   1        IE = IE_EA__DISABLED | IE_EX0__DISABLED | IE_EX1__DISABLED
  24   1        | IE_ESPI0__DISABLED | IE_ET0__DISABLED | IE_ET1__DISABLED
  25   1        | IE_ET2__ENABLED | IE_ES0__DISABLED;
  26   1      
  27   1      }
  28          
  29          main(void)
  30          {
  31   1        unsigned char x,y;
  32   1      
  33   1        InitDevice();
  34   1      
  35   1        while(1) //Infinite while loop, i.e. Superloop
  36   1        {
  37   2      
  38   2          P1 = 0x55;
  39   2      
  40   2          //Busy Wait Delay
  41   2          for(x = 0; x < 0xFF; x++){
  42   3            for(y = 0; y < 0x40; y++){
  43   4            }
  44   3          }
  45   2      
  46   2          P1 = 0xAA;
  47   2      
  48   2          //Busy Wait Delay
  49   2          for(x = 0; x < 0xFF; x++){
  50   3            for(y = 0; y < 0x40; y++){
  51   4            }
  52   3          }
  53   2      
  54   2        }
C51 COMPILER V9.60.0.0   MAIN                                                              09/24/2021 10:43:47 PAGE 2   

  55   1      }


MODULE INFORMATION:   STATIC OVERLAYABLE
   CODE SIZE        =     85    ----
   CONSTANT SIZE    =   ----    ----
   XDATA SIZE       =   ----    ----
   PDATA SIZE       =   ----    ----
   DATA SIZE        =   ----    ----
   IDATA SIZE       =   ----    ----
   BIT SIZE         =   ----    ----
END OF MODULE INFORMATION.


C51 COMPILATION COMPLETE.  0 WARNING(S),  0 ERROR(S)
