Unable to capture context for thread 4496 in process 8044, can not generate back trace
Unable to capture context for thread 12576 in process 8044, can not generate back trace
Unable to capture context for thread 12112 in process 8044, can not generate back trace
Exception at PC 0x00007FF835354F69
Unable to capture context for thread 4496 in process 8044, can not generate back trace
Unable to capture context for thread 12576 in process 8044, can not generate back trace
Unable to capture context for thread 12112 in process 8044, can not generate back trace
Exception at PC 0x00007FFFBE79BB93
Printing stacktrace...

Exception at PC 0x00007FF835354F69
Exception at PC 0x00007FF835354F69
Exception at PC 0x00007FF835354F69
Exception at PC 0x00007FF835354F69
Exception at PC 0x00007FF835354F69
Exception at PC 0x00007FF835354F69
Exception at PC 0x00007FF835354F69
Exception at PC 0x00007FF835354F69
Exception at PC 0x00007FF835354F69
Exception at PC 0x00007FF835354F69
Exception at PC 0x00007FF835354F69
Exception at PC 0x00007FF835354F69
Exception at PC 0x00007FF835354F69
Exception at PC 0x00007FF835354F69
[0]  [0x00007FFFBE79BB93]
[1]  [0x00007FFFBE79BB93]
[2]  [0x00007FFFBE79B4A1]
[3]  [0x00007FFFBE79B3EF]
[4]  [0x00007FFFBE7819FE]
[5]  [0x00007FFFBE780ED1]
[6]  [0x00007FFFBE780D76]
[7]  [0x00007FFFBE7279F6]
[8]  [0x00007FFFBE717AFB]
[9]  [0x00007FFFBE83E90A]
[10]  [0x00007FFFBE859F87]
[11]  [0x00007FFFBE85A05F]
[12] (BaseThreadInitThunk+0x14) [0x00007FF835A67034]
[13] (RtlUserThreadStart+0x21) [0x00007FF837942651]
Done
Exception at PC 0x00007FF835354F69
Exception at PC 0x00007FF835354F69
Exception at PC 0x00007FF835354F69
