Exception at PC 0x00007FFB1CFA4FD9
Exception at PC 0x00007FFB1CFA4FD9
Exception at PC 0x00007FFB1CFA4FD9
Unable to capture context for thread 11608 in process 7940, can not generate back trace
Exception at PC 0x00007FFB1CFA4FD9
Unable to capture context for thread 3136 in process 7940, can not generate back trace
Unable to capture context for thread 11924 in process 7940, can not generate back trace
Exception at PC 0x00007FFA8A50BB93
Printing stacktrace...

Unable to capture context for thread 11924 in process 7940, can not generate back trace
Exception at PC 0x00007FFB1CFA4FD9
Exception at PC 0x00007FFB1CFA4FD9
Exception at PC 0x00007FFB1CFA4FD9
Exception at PC 0x00007FFB1CFA4FD9
Exception at PC 0x00007FFB1CFA4FD9
Exception at PC 0x00007FFB1CFA4FD9
Exception at PC 0x00007FFB1CFA4FD9
Exception at PC 0x00007FFB1CFA4FD9
Exception at PC 0x00007FFB1CFA4FD9
Exception at PC 0x00007FFB1CFA4FD9
Exception at PC 0x00007FFB1CFA4FD9
Exception at PC 0x00007FFB1CFA4FD9
Exception at PC 0x00007FFB1CFA4FD9
Exception at PC 0x00007FFB1CFA4FD9
[0]  [0x00007FFA8A50BB93]
[1]  [0x00007FFA8A50BB93]
[2]  [0x00007FFA8A50B4A1]
[3]  [0x00007FFA8A50B3EF]
[4]  [0x00007FFA8A4F19FE]
[5]  [0x00007FFA8A4F0ED1]
[6]  [0x00007FFA8A4F0D76]
[7]  [0x00007FFA8A4979F6]
[8]  [0x00007FFA8A487AFB]
[9]  [0x00007FFA8A5AE90A]
[10]  [0x00007FFA8A5C9F87]
[11]  [0x00007FFA8A5CA05F]
[12] (BaseThreadInitThunk+0x14) [0x00007FFB1F607034]
[13] (RtlUserThreadStart+0x21) [0x00007FFB1F8A2651]
Done
