Exception at PC 0x00007FFC350C4FD9
Exception at PC 0x00007FFC350C4FD9
Exception at PC 0x00007FFC350C4FD9
Unable to capture context for thread 8368 in process 440, can not generate back trace
Unable to capture context for thread 6504 in process 440, can not generate back trace
Exception at PC 0x00007FFC350C4FD9
Unable to capture context for thread 8368 in process 440, can not generate back trace
Unable to capture context for thread 5560 in process 440, can not generate back trace
Exception at PC 0x00007FFBD646BB93
Printing stacktrace...

Unable to capture context for thread 5560 in process 440, can not generate back trace
Exception at PC 0x00007FFC350C4FD9
Exception at PC 0x00007FFC350C4FD9
Exception at PC 0x00007FFC350C4FD9
Exception at PC 0x00007FFC350C4FD9
Exception at PC 0x00007FFC350C4FD9
Exception at PC 0x00007FFC350C4FD9
Exception at PC 0x00007FFC350C4FD9
Exception at PC 0x00007FFC350C4FD9
Exception at PC 0x00007FFC350C4FD9
Exception at PC 0x00007FFC350C4FD9
Exception at PC 0x00007FFC350C4FD9
Exception at PC 0x00007FFC350C4FD9
Exception at PC 0x00007FFC350C4FD9
Exception at PC 0x00007FFC350C4FD9
[0]  [0x00007FFBD646BB93]
[1]  [0x00007FFBD646BB93]
[2]  [0x00007FFBD646B4A1]
[3]  [0x00007FFBD646B3EF]
[4]  [0x00007FFBD64519FE]
[5]  [0x00007FFBD6450ED1]
[6]  [0x00007FFBD6450D76]
[7]  [0x00007FFBD63F79F6]
[8]  [0x00007FFBD63E7AFB]
[9]  [0x00007FFBD650E90A]
[10]  [0x00007FFBD6529F87]
[11]  [0x00007FFBD652A05F]
[12] (BaseThreadInitThunk+0x14) [0x00007FFC35C57034]
[13] (RtlUserThreadStart+0x21) [0x00007FFC374A2651]
Done
