#-----------------------------------------------------------
# Vivado v2016.2 (64-bit)
# SW Build 1577090 on Thu Jun  2 16:32:40 MDT 2016
# IP Build 1577682 on Fri Jun  3 12:00:54 MDT 2016
# Start of session at: Mon Mar 20 18:32:43 2023
# Process ID: 13692
# Current directory: C:/Users/marwi/Desktop/Code/301/mini_labs/mini_lab5
# Command line: vivado.exe -gui_launcher_event rodinguilauncherevent4200 C:\Users\marwi\Desktop\Code\301\mini_labs\mini_lab5\mini_lab5.xpr
# Log file: C:/Users/marwi/Desktop/Code/301/mini_labs/mini_lab5/vivado.log
# Journal file: C:/Users/marwi/Desktop/Code/301/mini_labs/mini_lab5\vivado.jou
#-----------------------------------------------------------
start_gui
open_project C:/Users/marwi/Desktop/Code/301/mini_labs/mini_lab5/mini_lab5.xpr
INFO: [Project 1-313] Project file moved from 'C:/College/CECS/CECS301/labs/mini_lab5' since last save.
Scanning sources...
Finished scanning sources
INFO: [IP_Flow 19-234] Refreshing IP repositories
INFO: [IP_Flow 19-1704] No user IP repositories specified
INFO: [IP_Flow 19-2313] Loaded Vivado IP repository 'C:/Xilinx/Vivado/2016.2/data/ip'.
open_project: Time (s): cpu = 00:00:15 ; elapsed = 00:00:07 . Memory (MB): peak = 757.828 ; gain = 93.520
update_compile_order -fileset sources_1
exit
INFO: [Common 17-206] Exiting Vivado at Mon Mar 20 18:34:16 2023...
