C51 COMPILER V9.60.0.0   MAIN                                                              09/30/2021 22:53:31 PAGE 1   


C51 COMPILER V9.60.0.0, COMPILATION OF MODULE MAIN
OBJECT MODULE PLACED IN .\Objects\main.obj
COMPILER INVOKED BY: C:\Keil_v5\C51\BIN\C51.EXE main.c OPTIMIZE(8,SPEED) BROWSE INCDIR(C:\Keil_v5\C51\INC\SiLABS\shared\
                    -si8051Base) DEBUG OBJECTEXTEND PRINT(.\Listings\main.lst) TABS(2) OBJECT(.\Objects\main.obj)

line level    source

   1          //main.c
   2          
   3          #include <SI_EFM8BB1_Register_Enums.h>
   4          
   5          void InitDevice(void)
   6          {
   7   1        //Disable Watchdog Timer
   8   1        //Disable Watchdog with key sequence
   9   1        WDTCN = 0xDE; //First key
  10   1        WDTCN = 0xAD; //Second key
  11   1        // [WDTCN – Watchdog Timer Control]$
  12   1      
  13   1        //Setup Defaults for P1
  14   1        P1MDOUT = P1MDOUT_B0__OPEN_DRAIN | P1MDOUT_B1__OPEN_DRAIN
  15   1        | P1MDOUT_B2__OPEN_DRAIN | P1MDOUT_B3__OPEN_DRAIN
  16   1        | P1MDOUT_B4__PUSH_PULL | P1MDOUT_B5__OPEN_DRAIN
  17   1        | P1MDOUT_B6__OPEN_DRAIN | P1MDOUT_B7__OPEN_DRAIN;
  18   1      
  19   1        //Enable Weak Pullups
  20   1        XBR2 = XBR2_WEAKPUD__PULL_UPS_ENABLED | XBR2_XBARE__ENABLED;
  21   1      
  22   1        //Disable Interrupts
  23   1        IE = IE_EA__DISABLED | IE_EX0__DISABLED | IE_EX1__DISABLED
  24   1        | IE_ESPI0__DISABLED | IE_ET0__DISABLED | IE_ET1__DISABLED
  25   1        | IE_ET2__ENABLED | IE_ES0__DISABLED;
  26   1      
  27   1      }
  28          
  29          void main(void){
  30   1        unsigned i, x, y, delay;
  31   1        unsigned output;
  32   1        
  33   1        InitDevice();
  34   1        
  35   1        output = 0x01;
  36   1        
  37   1        while(1){
  38   2          
  39   2          if(P0&0x04){
  40   3            delay = 0xFF;
  41   3          }else{
  42   3            delay = 0x80;
  43   3          }
  44   2            
  45   2          
  46   2          for(i=0; i<7; i++){
  47   3            output = output << 1;
  48   3            P1 = ~output;
  49   3            for(x=0; x<delay; x++){
  50   4              for(y=0; y<0xFF; y++){
  51   5              }
  52   4            }
  53   3          };
  54   2          
C51 COMPILER V9.60.0.0   MAIN                                                              09/30/2021 22:53:31 PAGE 2   

  55   2          for(i=0; i<7; i++){
  56   3            output = output >> 1;
  57   3            P1 = ~output;
  58   3            for(x=0; x<delay; x++){
  59   4              for(y=0; y<0xFF; y++){
  60   5              }
  61   4            }
  62   3          };
  63   2      
  64   2        }
  65   1      }


MODULE INFORMATION:   STATIC OVERLAYABLE
   CODE SIZE        =    171    ----
   CONSTANT SIZE    =   ----    ----
   XDATA SIZE       =   ----    ----
   PDATA SIZE       =   ----    ----
   DATA SIZE        =   ----       4
   IDATA SIZE       =   ----    ----
   BIT SIZE         =   ----    ----
END OF MODULE INFORMATION.


C51 COMPILATION COMPLETE.  0 WARNING(S),  0 ERROR(S)
